{"/app/src/app/app.tsx": {"path":"/app/src/app/app.tsx","statementMap":{"0":{"start":{"line":2,"column":0},"end":{"line":null,"column":-1}},"1":{"start":{"line":3,"column":0},"end":{"line":null,"column":-1}},"2":{"start":{"line":5,"column":0},"end":{"line":6,"column":0}},"3":{"start":{"line":6,"column":0},"end":{"line":null,"column":-1}},"4":{"start":{"line":13,"column":2},"end":{"line":null,"column":-1}},"5":{"start":{"line":21,"column":0},"end":{"line":null,"column":-1}}},"fnMap":{"0":{"name":"fn","decl":{"start":{"line":12,"column":14},"end":{"line":12,"column":13}},"loc":{"start":{"line":12,"column":48},"end":{"line":19,"column":1}}}},"branchMap":{},"s":{"0":0,"1":0,"2":0,"3":0,"4":0,"5":0},"f":{"0":0},"b":{}}
,"/app/src/app/service/serv.service.tsx": {"path":"/app/src/app/service/serv.service.tsx","statementMap":{"0":{"start":{"line":2,"column":2},"end":{"line":3,"column":38}},"1":{"start":{"line":2,"column":3},"end":{"line":2,"column":16}},"2":{"start":{"line":2,"column":3},"end":{"line":2,"column":17}},"3":{"start":{"line":3,"column":2},"end":{"line":3,"column":38}},"4":{"start":{"line":3,"column":25},"end":{"line":3,"column":34}}},"fnMap":{"0":{"name":"(anonymous_0)","decl":{"start":{"line":2,"column":2},"end":{"line":null,"column":-1}},"loc":{"start":{"line":2,"column":2},"end":{"line":3,"column":38}}},"1":{"name":"(anonymous_1)","decl":{"start":{"line":3,"column":11},"end":{"line":3,"column":11}},"loc":{"start":{"line":3,"column":20},"end":{"line":3,"column":34}}}},"branchMap":{},"s":{"0":1,"1":2,"2":2,"3":2,"4":2},"f":{"0":2,"1":2},"b":{}}
}
